#
# A fatal error has been detected by the Java Runtime Environment:
#
#  SIGSEGV (0xb) at pc=0x00007ff80dce1f12, pid=96718, tid=8451
#
# JRE version:  (11.0.13+7) (build )
# Java VM: OpenJDK 64-Bit Server VM (11.0.13+7-b1751.21, mixed mode, sharing, tiered, compressed oops, g1 gc, bsd-amd64)
# Problematic frame:
# C  [libsystem_platform.dylib+0xf12]  _platform_strlen+0x12
#
# No core dump will be written. Core dumps have been disabled. To enable core dumping, try "ulimit -c unlimited" before starting Java again
#
#

---------------  S U M M A R Y ------------

Command Line: getsp -test

Host: MacBookPro16,1 x86_64 2300 MHz, 16 cores, 16G, Darwin 22.6.0
Time: Sun Jul  7 14:29:16 2024 IST elapsed time: 0.005749 seconds (0d 0h 0m 0s)

---------------  T H R E A D  ---------------

Current thread (0x00007fd327009000):  JavaThread "Unknown thread" [_thread_in_vm, id=8451, stack(0x0000700001049000,0x0000700001149000)]

Stack: [0x0000700001049000,0x0000700001149000],  sp=0x0000700001148b60,  free space=1022k
Native frames: (J=compiled Java code, A=aot compiled Java code, j=interpreted, Vv=VM code, C=native code)
C  [libsystem_platform.dylib+0xf12]  _platform_strlen+0x12
V  [libjvm.dylib+0x1fff8b]  ClassLoader::setup_boot_search_path(char const*)+0x1d
V  [libjvm.dylib+0x202977]  ClassLoader::initialize()+0x5d3
V  [libjvm.dylib+0x39c9f1]  init_globals()+0x2d
V  [libjvm.dylib+0x77ea83]  Threads::create_vm(JavaVMInitArgs*, bool*)+0x285
V  [libjvm.dylib+0x40fff6]  JNI_CreateJavaVM+0x60
C  [libjli.dylib+0x548b]  JavaMain+0x107
C  [libjli.dylib+0x7fbe]  ThreadJavaMain+0x9
C  [libsystem_pthread.dylib+0x61d3]  _pthread_start+0x7d
C  [libsystem_pthread.dylib+0x1bd3]  thread_start+0xf


siginfo: si_signo: 11 (SIGSEGV), si_code: 1 (SEGV_MAPERR), si_addr: 0x0000000000000000

Registers:
RAX=0x000000010d757e4a, RBX=0x000000010d75b070, RCX=0x0000000000000000, RDX=0x0000000000000000
RSP=0x0000700001148b60, RBP=0x0000700001148b60, RSI=0x0000000000000000, RDI=0x0000000000000000
R8 =0x0000000000000000, R9 =0x0000000000000000, R10=0x00007000011483c0, R11=0x00007000011482b1
R12=0x00007fd327009000, R13=0x0000700001148f70, R14=0x000000010d36ea00, R15=0x0000700001148ee7
RIP=0x00007ff80dce1f12, EFLAGS=0x0000000000010246, ERR=0x0000000000000004
  TRAPNO=0x000000000000000e

Top of Stack: (sp=0x0000700001148b60)
0x0000700001148b60:   0000700001148c80 000000010cf8ef8b
0x0000700001148b70:   00007fd32600d7f0 0000000000000040
0x0000700001148b80:   0000700001148bb0 000000010d3eb5ce
0x0000700001148b90:   0000000000000038 0000000000000040
0x0000700001148ba0:   00007fd326207d10 0000000000000002
0x0000700001148bb0:   0000700001148c10 000000010d3e9b26
0x0000700001148bc0:   0000700001148b00 0000000000000008
0x0000700001148bd0:   0000000103f55d5c 0000000000000038
0x0000700001148be0:   00007fd326204990 00007fd326207d10
0x0000700001148bf0:   00007fd326205e50 00007fd32600d870
0x0000700001148c00:   0000700001148c40 000000010d3ea1e0
0x0000700001148c10:   00007fd326207d10 00007fd326207d10
0x0000700001148c20:   0000000000000004 000000010d594d67
0x0000700001148c30:   000000000000000b 0000000000000000
0x0000700001148c40:   0000000000000000 0000000000000000
0x0000700001148c50:   000000010d36ea00 000000010d75b070
0x0000700001148c60:   00007fd327009000 0000700001148f70
0x0000700001148c70:   000000010d36ea00 0000700001148ee7
0x0000700001148c80:   0000700001148cb0 000000010cf91977
0x0000700001148c90:   00007fd327009000 00007fd327009000
0x0000700001148ca0:   000000010d75b070 000000010d36ea00
0x0000700001148cb0:   0000700001148d00 000000010d12b9f1
0x0000700001148cc0:   00007fd327009000 00007fd326204a70
0x0000700001148cd0:   00007fd326205070 00007fd326205080
0x0000700001148ce0:   00007fd326205158 00000000000000d8
0x0000700001148cf0:   00007fd326204ff0 000000010d75b070
0x0000700001148d00:   0000700001148e90 000000010d50da83
0x0000700001148d10:   0000000000000000 0000000000000000
0x0000700001148d20:   0000000000000000 0000000000000000
0x0000700001148d30:   0000000000000000 0000000000000000
0x0000700001148d40:   0000000000000000 0000000000000000
0x0000700001148d50:   0000000000000100 0000000000000000 

Instructions: (pc=0x00007ff80dce1f12)
0x00007ff80dce1e12:   74 09 48 83 c1 01 48 39 d1 72 e3 5d c3 90 55 48
0x00007ff80dce1e22:   89 e5 48 81 e6 ff 00 00 00 48 0f af 35 45 6a 00
0x00007ff80dce1e32:   00 66 48 0f 6e c6 48 89 f8 48 83 fa 40 0f 82 92
0x00007ff80dce1e42:   00 00 00 48 81 fa 00 80 00 00 0f 82 3e 00 00 00
0x00007ff80dce1e52:   e9 28 00 00 00 66 0f 1f 84 00 00 00 00 00 55 48
0x00007ff80dce1e62:   89 e5 48 89 f2 48 31 f6 0f 57 c0 48 89 f8 48 83
0x00007ff80dce1e72:   fa 40 72 61 48 81 fa 00 80 00 00 72 11 48 89 d1
0x00007ff80dce1e82:   48 89 f0 48 89 fa fc f3 aa 48 89 d0 5d c3 c4 e2
0x00007ff80dce1e92:   7d 18 c0 c5 fc 11 07 48 83 c7 20 48 83 e7 e0 48
0x00007ff80dce1ea2:   89 f9 48 29 c1 48 29 ca 48 83 ea 40 76 13 c5 fc
0x00007ff80dce1eb2:   29 07 c5 fc 29 47 20 48 83 c7 40 48 83 ea 40 77
0x00007ff80dce1ec2:   ed c5 fc 11 04 17 c5 fc 11 44 17 20 c5 f8 77 5d
0x00007ff80dce1ed2:   c3 48 89 34 17 48 83 ea 08 73 f6 48 83 c2 08 74
0x00007ff80dce1ee2:   0b 40 88 74 17 ff 48 83 ea 01 75 f5 5d c3 90 90
0x00007ff80dce1ef2:   90 90 90 90 90 90 90 90 90 90 90 90 90 90 55 48
0x00007ff80dce1f02:   89 e5 48 89 f9 48 89 fa 48 83 e7 f0 66 0f ef c0
0x00007ff80dce1f12:   66 0f 74 07 66 0f d7 f0 48 83 e1 0f 48 83 c8 ff
0x00007ff80dce1f22:   48 d3 e0 21 c6 74 17 0f bc c6 48 29 d7 48 01 f8
0x00007ff80dce1f32:   5d c3 66 2e 0f 1f 84 00 00 00 00 00 66 90 48 83
0x00007ff80dce1f42:   c7 10 66 0f ef c0 66 0f 74 07 66 0f d7 f0 85 f6
0x00007ff80dce1f52:   74 ec eb d3 65 48 8b 0c 25 18 00 00 00 41 89 c8
0x00007ff80dce1f62:   31 c0 f0 4c 0f b1 07 0f 85 7a 1f 00 00 e9 00 00
0x00007ff80dce1f72:   00 00 55 48 89 e5 41 56 53 41 89 ce 48 89 fb 48
0x00007ff80dce1f82:   89 f7 ff d2 48 c7 c6 ff ff ff ff 48 87 33 44 39
0x00007ff80dce1f92:   f6 75 05 5b 41 5e 5d c3 48 89 df 44 89 f2 5b 41
0x00007ff80dce1fa2:   5e 5d e9 2d 20 00 00 65 8b 14 25 18 00 00 00 31
0x00007ff80dce1fb2:   c0 f0 0f b1 17 75 01 c3 31 f6 e9 a4 0a 00 00 55
0x00007ff80dce1fc2:   48 89 e5 8b 3f 89 f8 83 c8 01 65 3b 04 25 18 00
0x00007ff80dce1fd2:   00 00 75 02 5d c3 e8 5b 64 00 00 eb f7 90 ba ff
0x00007ff80dce1fe2:   ff ff ff 0f bc c7 0f 44 c2 ff c0 c3 66 90 ba ff
0x00007ff80dce1ff2:   ff ff ff 48 0f bc c7 0f 44 c2 ff c0 c3 90 ba ff
0x00007ff80dce2002:   ff ff ff 0f bd c7 0f 44 c2 ff c0 c3 66 90 ba ff 



---------------  P R O C E S S  ---------------

Threads class SMR info:
_java_thread_list=0x00007fd325712300, length=0, elements={
}

Java Threads: ( => current thread )

Other Threads:

=>0x00007fd327009000 (exited) JavaThread "Unknown thread" [_thread_in_vm, id=8451, stack(0x0000700001049000,0x0000700001149000)]

Threads with active compile tasks:

VM state:not at safepoint (not fully initialized)

VM Mutex/Monitor currently owned by a thread: None


[error occurred during error reporting (printing compressed oops mode), id 0xb, SIGSEGV (0xb) at pc=0x000000010d527736]

Deoptimization events (0 events):
No events

Classes redefined (0 events):
No events

Internal exceptions (0 events):
No events

Events (2 events):
Event: 0.004 Protecting memory [0x0000700001049000,0x000070000104d000] with protection modes 0
Event: 0.005 Loaded shared library /Users/hrugvedwath/opt/anaconda3/lib/libzip.dylib


Dynamic libraries:
0x0000000103ee0000 	/Users/hrugvedwath/opt/anaconda3/lib/jli/libjli.dylib
0x00007ff826f95000 	/System/Library/Frameworks/Cocoa.framework/Versions/A/Cocoa
0x00007ff810df1000 	/System/Library/Frameworks/AppKit.framework/Versions/C/AppKit
0x00007ff813a01000 	/System/Library/Frameworks/CoreData.framework/Versions/A/CoreData
0x00007ff80ebbf000 	/System/Library/Frameworks/Foundation.framework/Versions/C/Foundation
0x00007ff819b22000 	/usr/lib/libSystem.B.dylib
0x00007ff811df9000 	/System/Library/PrivateFrameworks/UIFoundation.framework/Versions/A/UIFoundation
0x00007ffb16295000 	/System/Library/PrivateFrameworks/CollectionViewCore.framework/Versions/A/CollectionViewCore
0x00007ff820ea8000 	/System/Library/PrivateFrameworks/RemoteViewServices.framework/Versions/A/RemoteViewServices
0x00007ff817af1000 	/System/Library/PrivateFrameworks/XCTTargetBootstrap.framework/Versions/A/XCTTargetBootstrap
0x00007ff81c981000 	/System/Library/PrivateFrameworks/InternationalSupport.framework/Versions/A/InternationalSupport
0x00007ff81ca0a000 	/System/Library/PrivateFrameworks/UserActivity.framework/Versions/A/UserActivity
0x00007ffb2d1e6000 	/System/Library/PrivateFrameworks/WindowManagement.framework/Versions/A/WindowManagement
0x00007ff80e8ae000 	/System/Library/Frameworks/SystemConfiguration.framework/Versions/A/SystemConfiguration
0x00007ff81bd57000 	/usr/lib/libspindump.dylib
0x00007ff811fc7000 	/System/Library/Frameworks/UniformTypeIdentifiers.framework/Versions/A/UniformTypeIdentifiers
0x00007ff815cab000 	/usr/lib/libapp_launch_measurement.dylib
0x00007ff814e8b000 	/System/Library/PrivateFrameworks/CoreAnalytics.framework/Versions/A/CoreAnalytics
0x00007ff815cae000 	/System/Library/PrivateFrameworks/CoreAutoLayout.framework/Versions/A/CoreAutoLayout
0x00007ff81735c000 	/System/Library/Frameworks/Metal.framework/Versions/A/Metal
0x00007ff818277000 	/usr/lib/liblangid.dylib
0x00007ff817af6000 	/System/Library/PrivateFrameworks/CoreSVG.framework/Versions/A/CoreSVG
0x00007ff81292f000 	/System/Library/PrivateFrameworks/SkyLight.framework/Versions/A/SkyLight
0x00007ff812d22000 	/System/Library/Frameworks/CoreGraphics.framework/Versions/A/CoreGraphics
0x00007ff82158e000 	/System/Library/Frameworks/Accelerate.framework/Versions/A/Accelerate
0x00007ff81b7c8000 	/System/Library/PrivateFrameworks/IconServices.framework/Versions/A/IconServices
0x00007ff81733d000 	/System/Library/Frameworks/IOSurface.framework/Versions/A/IOSurface
0x00007ff814eb6000 	/usr/lib/libDiagnosticMessagesClient.dylib
0x00007ff819a3a000 	/usr/lib/libz.1.dylib
0x00007ff824c55000 	/System/Library/Frameworks/ApplicationServices.framework/Versions/A/ApplicationServices
0x00007ff817add000 	/System/Library/PrivateFrameworks/DFRFoundation.framework/Versions/A/DFRFoundation
0x00007ff8106bb000 	/usr/lib/libicucore.A.dylib
0x00007ff81d820000 	/System/Library/Frameworks/AudioToolbox.framework/Versions/A/AudioToolbox
0x00007ff81c98c000 	/System/Library/PrivateFrameworks/DataDetectorsCore.framework/Versions/A/DataDetectorsCore
0x00007ff915703000 	/System/Library/PrivateFrameworks/TextInput.framework/Versions/A/TextInput
0x00007ff812898000 	/usr/lib/libMobileGestalt.dylib
0x00007ff8177e5000 	/System/Library/Frameworks/Carbon.framework/Versions/A/Frameworks/HIToolbox.framework/Versions/A/HIToolbox
0x00007ff815637000 	/System/Library/Frameworks/QuartzCore.framework/Versions/A/QuartzCore
0x00007ff810329000 	/System/Library/Frameworks/Security.framework/Versions/A/Security
0x00007ff820ee0000 	/System/Library/Frameworks/Carbon.framework/Versions/A/Frameworks/SpeechRecognition.framework/Versions/A/SpeechRecognition
0x00007ff8159ea000 	/System/Library/PrivateFrameworks/CoreUI.framework/Versions/A/CoreUI
0x00007ff80fc77000 	/System/Library/Frameworks/CoreAudio.framework/Versions/A/CoreAudio
0x00007ff814f8f000 	/System/Library/Frameworks/DiskArbitration.framework/Versions/A/DiskArbitration
0x00007ff81c179000 	/System/Library/PrivateFrameworks/MultitouchSupport.framework/Versions/A/MultitouchSupport
0x00007ff812897000 	/usr/lib/libenergytrace.dylib
0x00007ff810cd1000 	/System/Library/Frameworks/IOKit.framework/Versions/A/IOKit
0x00007ff8212dd000 	/System/Library/Frameworks/CoreServices.framework/Versions/A/CoreServices
0x00007ff815c43000 	/System/Library/PrivateFrameworks/PerformanceAnalysis.framework/Versions/A/PerformanceAnalysis
0x00007ffa283aa000 	/System/Library/Frameworks/OpenGL.framework/Versions/A/OpenGL
0x00007ff815cf6000 	/usr/lib/libxml2.2.dylib
0x00007ff818ed3000 	/System/Library/PrivateFrameworks/MobileKeyBag.framework/Versions/A/MobileKeyBag
0x00007ff80d91b000 	/usr/lib/libobjc.A.dylib
0x00007ff80dbe6000 	/usr/lib/libc++.1.dylib
0x00007ff813437000 	/System/Library/Frameworks/ColorSync.framework/Versions/A/ColorSync
0x00007ff80dd16000 	/System/Library/Frameworks/CoreFoundation.framework/Versions/A/CoreFoundation
0x00007ff817e43000 	/System/Library/Frameworks/CoreImage.framework/Versions/A/CoreImage
0x00007ff80fa85000 	/System/Library/Frameworks/CoreText.framework/Versions/A/CoreText
0x00007ff817b2d000 	/System/Library/Frameworks/ImageIO.framework/Versions/A/ImageIO
0x00007ff819b28000 	/System/Library/PrivateFrameworks/SoftLinking.framework/Versions/A/SoftLinking
0x00007ff819daa000 	/usr/lib/libcompression.dylib
0x00007ff81c8ba000 	/System/Library/PrivateFrameworks/TextureIO.framework/Versions/A/TextureIO
0x00007ff81b488000 	/usr/lib/libate.dylib
0x00007ff819b1c000 	/usr/lib/system/libcache.dylib
0x00007ff819ad3000 	/usr/lib/system/libcommonCrypto.dylib
0x00007ff819b00000 	/usr/lib/system/libcompiler_rt.dylib
0x00007ff819af2000 	/usr/lib/system/libcopyfile.dylib
0x00007ff80da4f000 	/usr/lib/system/libcorecrypto.dylib
0x00007ff80db13000 	/usr/lib/system/libdispatch.dylib
0x00007ff80dcbd000 	/usr/lib/system/libdyld.dylib
0x00007ff819b12000 	/usr/lib/system/libkeymgr.dylib
0x00007ff819ab2000 	/usr/lib/system/libmacho.dylib
0x00007ff818fc1000 	/usr/lib/system/libquarantine.dylib
0x00007ff819b10000 	/usr/lib/system/libremovefile.dylib
0x00007ff8128fd000 	/usr/lib/system/libsystem_asl.dylib
0x00007ff80d9f0000 	/usr/lib/system/libsystem_blocks.dylib
0x00007ff80db5e000 	/usr/lib/system/libsystem_c.dylib
0x00007ff819b08000 	/usr/lib/system/libsystem_collections.dylib
0x00007ff818268000 	/usr/lib/system/libsystem_configuration.dylib
0x00007ff81730e000 	/usr/lib/system/libsystem_containermanager.dylib
0x00007ff81976d000 	/usr/lib/system/libsystem_coreservices.dylib
0x00007ff81094c000 	/usr/lib/system/libsystem_darwin.dylib
0x00007ff819b13000 	/usr/lib/system/libsystem_dnssd.dylib
0x00007ff80db5b000 	/usr/lib/system/libsystem_featureflags.dylib
0x00007ff80dceb000 	/usr/lib/system/libsystem_info.dylib
0x00007ff819a4d000 	/usr/lib/system/libsystem_m.dylib
0x00007ff80dae6000 	/usr/lib/system/libsystem_malloc.dylib
0x00007ff812880000 	/usr/lib/system/libsystem_networkextension.dylib
0x00007ff810d8f000 	/usr/lib/system/libsystem_notify.dylib
0x00007ff81826c000 	/usr/lib/system/libsystem_sandbox.dylib
0x00007ff819b0d000 	/usr/lib/system/libsystem_secinit.dylib
0x00007ff80dc77000 	/usr/lib/system/libsystem_kernel.dylib
0x00007ff80dce1000 	/usr/lib/system/libsystem_platform.dylib
0x00007ff80dcb1000 	/usr/lib/system/libsystem_pthread.dylib
0x00007ff81424d000 	/usr/lib/system/libsystem_symptoms.dylib
0x00007ff80da35000 	/usr/lib/system/libsystem_trace.dylib
0x00007ff819adf000 	/usr/lib/system/libunwind.dylib
0x00007ff80d9f4000 	/usr/lib/system/libxpc.dylib
0x00007ff80dc62000 	/usr/lib/libc++abi.dylib
0x00007ff819aea000 	/usr/lib/liboah.dylib
0x00007ff81b235000 	/usr/lib/liblzma.5.dylib
0x00007ff819b24000 	/usr/lib/libfakelink.dylib
0x00007ff8124df000 	/System/Library/Frameworks/CFNetwork.framework/Versions/A/CFNetwork
0x00007ff819c61000 	/usr/lib/libarchive.2.dylib
0x00007ff81f176000 	/System/Library/Frameworks/Combine.framework/Versions/A/Combine
0x00007ff81d2bc000 	/usr/lib/swift/libswiftCore.dylib
0x00007ff9126ce000 	/usr/lib/swift/libswiftCoreFoundation.dylib
0x00007ff91075e000 	/usr/lib/swift/libswiftDarwin.dylib
0x00007ff822b2f000 	/usr/lib/swift/libswiftDispatch.dylib
0x00007ff9126ea000 	/usr/lib/swift/libswiftIOKit.dylib
0x00007ff825094000 	/usr/lib/swift/libswiftObjectiveC.dylib
0x00007ff9126df000 	/usr/lib/swift/libswiftXPC.dylib
0x00007ffc14043000 	/usr/lib/swift/libswift_Concurrency.dylib
0x00007ffc14180000 	/usr/lib/swift/libswift_StringProcessing.dylib
0x00007ff825098000 	/usr/lib/swift/libswiftos.dylib
0x00007ff810c53000 	/System/Library/PrivateFrameworks/CoreServicesInternal.framework/Versions/A/CoreServicesInternal
0x00007ff818fe8000 	/usr/lib/libbsm.0.dylib
0x00007ff819ab7000 	/usr/lib/system/libkxld.dylib
0x00007ff815c77000 	/System/Library/Frameworks/CoreServices.framework/Versions/A/Frameworks/FSEvents.framework/Versions/A/FSEvents
0x00007ff810957000 	/System/Library/Frameworks/CoreServices.framework/Versions/A/Frameworks/CarbonCore.framework/Versions/A/CarbonCore
0x00007ff814ef9000 	/System/Library/Frameworks/CoreServices.framework/Versions/A/Frameworks/Metadata.framework/Versions/A/Metadata
0x00007ff819773000 	/System/Library/Frameworks/CoreServices.framework/Versions/A/Frameworks/OSServices.framework/Versions/A/OSServices
0x00007ff819ce9000 	/System/Library/Frameworks/CoreServices.framework/Versions/A/Frameworks/SearchKit.framework/Versions/A/SearchKit
0x00007ff8141d5000 	/System/Library/Frameworks/CoreServices.framework/Versions/A/Frameworks/AE.framework/Versions/A/AE
0x00007ff80e1b3000 	/System/Library/Frameworks/CoreServices.framework/Versions/A/Frameworks/LaunchServices.framework/Versions/A/LaunchServices
0x00007ff81b1e6000 	/System/Library/Frameworks/CoreServices.framework/Versions/A/Frameworks/DictionaryServices.framework/Versions/A/DictionaryServices
0x00007ff815c84000 	/System/Library/Frameworks/CoreServices.framework/Versions/A/Frameworks/SharedFileList.framework/Versions/A/SharedFileList
0x00007ff819d73000 	/usr/lib/libapple_nghttp2.dylib
0x00007ff8124db000 	/usr/lib/libnetwork.dylib
0x00007ff813e80000 	/usr/lib/libsqlite3.dylib
0x00007ff814255000 	/System/Library/Frameworks/Network.framework/Versions/A/Network
0x00007ffc12fae000 	/usr/lib/libCoreEntitlements.dylib
0x00007ffb1fd12000 	/System/Library/PrivateFrameworks/MessageSecurity.framework/Versions/A/MessageSecurity
0x00007ff813e67000 	/System/Library/PrivateFrameworks/ProtocolBuffer.framework/Versions/A/ProtocolBuffer
0x00007ff81968f000 	/System/Library/PrivateFrameworks/AppleFSCompression.framework/Versions/A/AppleFSCompression
0x00007ff818fd0000 	/usr/lib/libcoretls.dylib
0x00007ff81b24e000 	/usr/lib/libcoretls_cfhelpers.dylib
0x00007ff819da4000 	/usr/lib/libpam.2.dylib
0x00007ff81b2c1000 	/usr/lib/libxar.1.dylib
0x00007ff81b7a4000 	/usr/lib/libheimdal-asn1.dylib
0x00007ff819b29000 	/usr/lib/libpcap.A.dylib
0x00007ff814244000 	/usr/lib/libdns_services.dylib
0x00007ff818273000 	/System/Library/PrivateFrameworks/AppleSystemInfo.framework/Versions/A/AppleSystemInfo
0x00007ff818cda000 	/System/Library/PrivateFrameworks/IOMobileFramebuffer.framework/Versions/A/IOMobileFramebuffer
0x00007ff81975e000 	/usr/lib/libbz2.1.0.dylib
0x00007ff818fc4000 	/usr/lib/libCheckFix.dylib
0x00007ff812914000 	/System/Library/PrivateFrameworks/TCC.framework/Versions/A/TCC
0x00007ff818279000 	/System/Library/PrivateFrameworks/CoreNLP.framework/Versions/A/CoreNLP
0x00007ff814eb8000 	/System/Library/PrivateFrameworks/MetadataUtilities.framework/Versions/A/MetadataUtilities
0x00007ff818ff9000 	/usr/lib/libmecab.dylib
0x00007ff80e92e000 	/usr/lib/libCRFSuite.dylib
0x00007ff819052000 	/usr/lib/libgermantok.dylib
0x00007ff819d4f000 	/usr/lib/libThaiTokenizer.dylib
0x00007ff814f97000 	/System/Library/Frameworks/Accelerate.framework/Versions/A/Frameworks/vImage.framework/Versions/A/vImage
0x00007ff8212b0000 	/System/Library/Frameworks/Accelerate.framework/Versions/A/Frameworks/vecLib.framework/Versions/A/vecLib
0x00007ff81b303000 	/System/Library/Frameworks/Accelerate.framework/Versions/A/Frameworks/vecLib.framework/Versions/A/libvMisc.dylib
0x00007ff818aef000 	/System/Library/Frameworks/Accelerate.framework/Versions/A/Frameworks/vecLib.framework/Versions/A/libvDSP.dylib
0x00007ff80e572000 	/System/Library/Frameworks/Accelerate.framework/Versions/A/Frameworks/vecLib.framework/Versions/A/libBLAS.dylib
0x00007ff819e88000 	/System/Library/Frameworks/Accelerate.framework/Versions/A/Frameworks/vecLib.framework/Versions/A/libLAPACK.dylib
0x00007ff819055000 	/System/Library/Frameworks/Accelerate.framework/Versions/A/Frameworks/vecLib.framework/Versions/A/libLinearAlgebra.dylib
0x00007ff819d8e000 	/System/Library/Frameworks/Accelerate.framework/Versions/A/Frameworks/vecLib.framework/Versions/A/libSparseBLAS.dylib
0x00007ff819e82000 	/System/Library/Frameworks/Accelerate.framework/Versions/A/Frameworks/vecLib.framework/Versions/A/libQuadrature.dylib
0x00007ff81835f000 	/System/Library/Frameworks/Accelerate.framework/Versions/A/Frameworks/vecLib.framework/Versions/A/libBNNS.dylib
0x00007ff80e837000 	/System/Library/Frameworks/Accelerate.framework/Versions/A/Frameworks/vecLib.framework/Versions/A/libSparse.dylib
0x00007ffb1ef4c000 	/System/Library/PrivateFrameworks/MIL.framework/Versions/A/MIL
0x00007ff819b5e000 	/usr/lib/libiconv.2.dylib
0x00007ff819ab1000 	/usr/lib/libcharset.1.dylib
0x00007ff815c5b000 	/System/Library/Frameworks/OpenDirectory.framework/Versions/A/Frameworks/CFOpenDirectory.framework/Versions/A/CFOpenDirectory
0x00007ff815c4f000 	/System/Library/Frameworks/OpenDirectory.framework/Versions/A/OpenDirectory
0x00007ff81b250000 	/System/Library/PrivateFrameworks/APFS.framework/Versions/A/APFS
0x00007ff818f06000 	/System/Library/Frameworks/SecurityFoundation.framework/Versions/A/SecurityFoundation
0x00007ff81b2cf000 	/usr/lib/libutil.dylib
0x00007ffb1dee7000 	/System/Library/PrivateFrameworks/InstalledContentLibrary.framework/Versions/A/InstalledContentLibrary
0x00007ff810c94000 	/System/Library/PrivateFrameworks/CoreServicesStore.framework/Versions/A/CoreServicesStore
0x00007ffb14e19000 	/System/Library/PrivateFrameworks/AppleMobileFileIntegrity.framework/Versions/A/AppleMobileFileIntegrity
0x00007ff9126b0000 	/usr/lib/libmis.dylib
0x00007ff920f85000 	/System/Library/PrivateFrameworks/MobileSystemServices.framework/Versions/A/MobileSystemServices
0x00007ffa1cc80000 	/System/Library/PrivateFrameworks/ConfigProfileHelper.framework/Versions/A/ConfigProfileHelper
0x00007ff819d51000 	/System/Library/PrivateFrameworks/AppleSauce.framework/Versions/A/AppleSauce
0x00007ff80f548000 	/System/Library/PrivateFrameworks/LanguageModeling.framework/Versions/A/LanguageModeling
0x00007ff81b2d3000 	/usr/lib/libxslt.1.dylib
0x00007ff819c50000 	/usr/lib/libcmph.dylib
0x00007ff818cc7000 	/System/Library/PrivateFrameworks/CoreEmoji.framework/Versions/A/CoreEmoji
0x00007ff81835a000 	/System/Library/PrivateFrameworks/LinguisticData.framework/Versions/A/LinguisticData
0x00007ff80e7ee000 	/System/Library/PrivateFrameworks/Lexicon.framework/Versions/A/Lexicon
0x00007ff818f94000 	/System/Library/PrivateFrameworks/BackgroundTaskManagement.framework/Versions/A/BackgroundTaskManagement
0x00007ffc130f0000 	/usr/lib/libTLE.dylib
0x00007ffc140c9000 	/usr/lib/swift/libswift_RegexParser.dylib
0x00007ff81c03d000 	/System/Library/PrivateFrameworks/AppleJPEG.framework/Versions/A/AppleJPEG
0x00007ff81b789000 	/usr/lib/libexpat.1.dylib
0x00007ff81c713000 	/System/Library/Frameworks/ImageIO.framework/Versions/A/Resources/libPng.dylib
0x00007ff81c740000 	/System/Library/Frameworks/ImageIO.framework/Versions/A/Resources/libTIFF.dylib
0x00007ff81c834000 	/System/Library/Frameworks/ImageIO.framework/Versions/A/Resources/libGIF.dylib
0x00007ff81c088000 	/System/Library/Frameworks/ImageIO.framework/Versions/A/Resources/libJP2.dylib
0x00007ff81c7d4000 	/System/Library/Frameworks/ImageIO.framework/Versions/A/Resources/libJPEG.dylib
0x00007ff81c7cb000 	/System/Library/Frameworks/ImageIO.framework/Versions/A/Resources/libRadiance.dylib
0x00007ff81767e000 	/System/Library/PrivateFrameworks/FontServices.framework/libFontParser.dylib
0x00007ff81417a000 	/System/Library/PrivateFrameworks/RunningBoardServices.framework/Versions/A/RunningBoardServices
0x00007ff827642000 	/System/Library/PrivateFrameworks/IOSurfaceAccelerator.framework/Versions/A/IOSurfaceAccelerator
0x00007ff81c175000 	/System/Library/PrivateFrameworks/WatchdogClient.framework/Versions/A/WatchdogClient
0x00007ff80f6ae000 	/System/Library/Frameworks/CoreDisplay.framework/Versions/A/CoreDisplay
0x00007ff81756d000 	/System/Library/Frameworks/CoreMedia.framework/Versions/A/CoreMedia
0x00007ff817353000 	/System/Library/PrivateFrameworks/IOAccelerator.framework/Versions/A/IOAccelerator
0x00007ff815dd5000 	/System/Library/Frameworks/CoreVideo.framework/Versions/A/CoreVideo
0x00007ff819da2000 	/System/Library/Frameworks/MetalPerformanceShaders.framework/Versions/A/MetalPerformanceShaders
0x00007ff81c1b4000 	/System/Library/Frameworks/VideoToolbox.framework/Versions/A/VideoToolbox
0x00007ff8140b8000 	/System/Library/PrivateFrameworks/BaseBoard.framework/Versions/A/BaseBoard
0x00007ff81c7c4000 	/System/Library/PrivateFrameworks/GPUWrangler.framework/Versions/A/GPUWrangler
0x00007ff81c7a8000 	/System/Library/PrivateFrameworks/IOPresentment.framework/Versions/A/IOPresentment
0x00007ff81c7ce000 	/System/Library/PrivateFrameworks/DSExternalDisplay.framework/Versions/A/DSExternalDisplay
0x00007ffb1a3ba000 	/System/Library/PrivateFrameworks/GPUCompiler.framework/Versions/31001/Libraries/libllvm-flatbuffers.dylib
0x00007ffa2839e000 	/System/Library/Frameworks/OpenGL.framework/Versions/A/Libraries/libCoreFSCache.dylib
0x00007ffb1a3b6000 	/System/Library/PrivateFrameworks/GPUCompiler.framework/Versions/31001/Libraries/libGPUCompilerUtils.dylib
0x00007ff81c83a000 	/System/Library/PrivateFrameworks/CMCaptureCore.framework/Versions/A/CMCaptureCore
0x00007ffb0f23c000 	/System/Library/Frameworks/ExtensionFoundation.framework/Versions/A/ExtensionFoundation
0x00007ff8232c7000 	/System/Library/PrivateFrameworks/CoreTime.framework/Versions/A/CoreTime
0x00007ff81bd42000 	/System/Library/PrivateFrameworks/AppServerSupport.framework/Versions/A/AppServerSupport
0x00007ff81e0da000 	/System/Library/PrivateFrameworks/perfdata.framework/Versions/A/perfdata
0x00007ff80f7da000 	/System/Library/PrivateFrameworks/AudioToolboxCore.framework/Versions/A/AudioToolboxCore
0x00007ff817548000 	/System/Library/PrivateFrameworks/caulk.framework/Versions/A/caulk
0x00007ff81d9b5000 	/usr/lib/libAudioStatistics.dylib
0x00007ff911b1e000 	/System/Library/PrivateFrameworks/SystemPolicy.framework/Versions/A/SystemPolicy
0x00007ff81dc50000 	/usr/lib/libSMC.dylib
0x00007ff826e33000 	/System/Library/Frameworks/CoreMIDI.framework/Versions/A/CoreMIDI
0x00007ff81c6e1000 	/usr/lib/libAudioToolboxUtility.dylib
0x00007ff82c7bd000 	/System/Library/PrivateFrameworks/OSAServicesClient.framework/Versions/A/OSAServicesClient
0x00007ff81e0e7000 	/usr/lib/libperfcheck.dylib
0x00007ff81b669000 	/System/Library/PrivateFrameworks/PlugInKit.framework/Versions/A/PlugInKit
0x00007ff818ef9000 	/System/Library/PrivateFrameworks/AssertionServices.framework/Versions/A/AssertionServices
0x00007ffa283fb000 	/System/Library/Frameworks/OpenGL.framework/Versions/A/Libraries/libGLU.dylib
0x00007ffa283bd000 	/System/Library/Frameworks/OpenGL.framework/Versions/A/Libraries/libGFXShared.dylib
0x00007ffa285bc000 	/System/Library/Frameworks/OpenGL.framework/Versions/A/Libraries/libGL.dylib
0x00007ffa283c6000 	/System/Library/Frameworks/OpenGL.framework/Versions/A/Libraries/libGLImage.dylib
0x00007ffa283ba000 	/System/Library/Frameworks/OpenGL.framework/Versions/A/Libraries/libCVMSPluginSupport.dylib
0x00007ffc130cf000 	/usr/lib/libRosetta.dylib
0x00007ffa283a5000 	/System/Library/Frameworks/OpenGL.framework/Versions/A/Libraries/libCoreVMClient.dylib
0x00007ff8181e8000 	/System/Library/Frameworks/MetalPerformanceShaders.framework/Versions/A/Frameworks/MPSCore.framework/Versions/A/MPSCore
0x00007ff8195f9000 	/System/Library/Frameworks/MetalPerformanceShaders.framework/Versions/A/Frameworks/MPSImage.framework/Versions/A/MPSImage
0x00007ff81906b000 	/System/Library/Frameworks/MetalPerformanceShaders.framework/Versions/A/Frameworks/MPSNeuralNetwork.framework/Versions/A/MPSNeuralNetwork
0x00007ff8194dc000 	/System/Library/Frameworks/MetalPerformanceShaders.framework/Versions/A/Frameworks/MPSMatrix.framework/Versions/A/MPSMatrix
0x00007ff819298000 	/System/Library/Frameworks/MetalPerformanceShaders.framework/Versions/A/Frameworks/MPSRayIntersector.framework/Versions/A/MPSRayIntersector
0x00007ff819518000 	/System/Library/Frameworks/MetalPerformanceShaders.framework/Versions/A/Frameworks/MPSNDArray.framework/Versions/A/MPSNDArray
0x00007ffb10624000 	/System/Library/Frameworks/MetalPerformanceShaders.framework/Versions/A/Frameworks/MPSFunctions.framework/Versions/A/MPSFunctions
0x00007ff80e432000 	/System/Library/PrivateFrameworks/MetalTools.framework/Versions/A/MetalTools
0x00007ff818272000 	/System/Library/PrivateFrameworks/AggregateDictionary.framework/Versions/A/AggregateDictionary
0x00007ff81b51f000 	/usr/lib/libIOReport.dylib
0x00007ffb22847000 	/System/Library/PrivateFrameworks/PhotosensitivityProcessing.framework/Versions/A/PhotosensitivityProcessing
0x00007ffa299ad000 	/System/Library/Frameworks/OpenCL.framework/Versions/A/OpenCL
0x00007ff81b8d1000 	/System/Library/PrivateFrameworks/GraphVisualizer.framework/Versions/A/GraphVisualizer
0x00007ffb1a2cf000 	/System/Library/PrivateFrameworks/FontServices.framework/Versions/A/FontServices
0x00007ff81bcfd000 	/System/Library/PrivateFrameworks/OTSVG.framework/Versions/A/OTSVG
0x00007ff81599e000 	/System/Library/Frameworks/ApplicationServices.framework/Versions/A/Frameworks/ATS.framework/Versions/A/Resources/libFontRegistry.dylib
0x00007ff81bd4c000 	/System/Library/PrivateFrameworks/FontServices.framework/libhvf.dylib
0x00007ffb1a2d0000 	/System/Library/PrivateFrameworks/FontServices.framework/libXTFontStaticRegistryData.dylib
0x00007ff91d582000 	/usr/lib/swift/libswiftMetal.dylib
0x00007ff915664000 	/usr/lib/swift/libswiftsimd.dylib
0x00007ffb2bf2d000 	/System/Library/PrivateFrameworks/VideoToolboxParavirtualizationSupport.framework/Versions/A/VideoToolboxParavirtualizationSupport
0x00007ff81b739000 	/System/Library/PrivateFrameworks/AppleVA.framework/Versions/A/AppleVA
0x00007ff81d9f5000 	/System/Library/Frameworks/ApplicationServices.framework/Versions/A/Frameworks/ATS.framework/Versions/A/ATS
0x00007ff813527000 	/System/Library/Frameworks/ApplicationServices.framework/Versions/A/Frameworks/HIServices.framework/Versions/A/HIServices
0x00007ff81c846000 	/System/Library/Frameworks/ApplicationServices.framework/Versions/A/Frameworks/PrintCore.framework/Versions/A/PrintCore
0x00007ff81dda6000 	/System/Library/Frameworks/ApplicationServices.framework/Versions/A/Frameworks/QD.framework/Versions/A/QD
0x00007ff81dd9e000 	/System/Library/Frameworks/ApplicationServices.framework/Versions/A/Frameworks/ColorSyncLegacy.framework/Versions/A/ColorSyncLegacy
0x00007ff81d9c9000 	/System/Library/Frameworks/ApplicationServices.framework/Versions/A/Frameworks/SpeechSynthesis.framework/Versions/A/SpeechSynthesis
0x00007ff81c804000 	/System/Library/Frameworks/ApplicationServices.framework/Versions/A/Frameworks/ATSUI.framework/Versions/A/ATSUI
0x00007ff81dd30000 	/usr/lib/libcups.2.dylib
0x00007ff81e0f6000 	/System/Library/Frameworks/Kerberos.framework/Versions/A/Kerberos
0x00007ff81e105000 	/System/Library/Frameworks/GSS.framework/Versions/A/GSS
0x00007ff81da63000 	/usr/lib/libresolv.9.dylib
0x00007ff81bd5c000 	/System/Library/PrivateFrameworks/Heimdal.framework/Versions/A/Heimdal
0x00007ff825016000 	/System/Library/Frameworks/Kerberos.framework/Versions/A/Libraries/libHeimdalProxy.dylib
0x00007ff81e150000 	/System/Library/PrivateFrameworks/CommonAuth.framework/Versions/A/CommonAuth
0x00007ffb0e4eb000 	/System/Library/Frameworks/AVFAudio.framework/Versions/A/AVFAudio
0x00007ff82c806000 	/System/Library/PrivateFrameworks/AXCoreUtilities.framework/Versions/A/AXCoreUtilities
0x00007ff81d943000 	/System/Library/PrivateFrameworks/AudioSession.framework/Versions/A/AudioSession
0x00007ff81ef48000 	/System/Library/Frameworks/IOBluetooth.framework/Versions/A/IOBluetooth
0x00007ff81b83f000 	/System/Library/PrivateFrameworks/MediaExperience.framework/Versions/A/MediaExperience
0x00007ff81d7ed000 	/System/Library/PrivateFrameworks/AudioSession.framework/libSessionUtility.dylib
0x00007ff81ddb2000 	/System/Library/PrivateFrameworks/AudioResourceArbitration.framework/Versions/A/AudioResourceArbitration
0x00007ff821eda000 	/System/Library/PrivateFrameworks/PowerLog.framework/Versions/A/PowerLog
0x00007ff821e18000 	/System/Library/Frameworks/CoreBluetooth.framework/Versions/A/CoreBluetooth
0x00007ff825017000 	/System/Library/Frameworks/AudioUnit.framework/Versions/A/AudioUnit
0x00007ff818d63000 	/System/Library/PrivateFrameworks/CoreUtils.framework/Versions/A/CoreUtils
0x00007ffb18d9d000 	/System/Library/PrivateFrameworks/CoreUtilsExtras.framework/Versions/A/CoreUtilsExtras
0x00007ffb1dd76000 	/System/Library/PrivateFrameworks/IO80211.framework/Versions/A/IO80211
0x00007ff81b7ad000 	/System/Library/PrivateFrameworks/IconFoundation.framework/Versions/A/IconFoundation
0x00007ff820ed0000 	/System/Library/PrivateFrameworks/SpeechRecognitionCore.framework/Versions/A/SpeechRecognitionCore
0x000000010cd8f000 	/Users/hrugvedwath/opt/anaconda3/lib/server/libjvm.dylib
0x0000000103f66000 	/Users/hrugvedwath/opt/anaconda3/lib/libverify.dylib
0x0000000103fa8000 	/Users/hrugvedwath/opt/anaconda3/lib/libjava.dylib
0x0000000103f79000 	/Users/hrugvedwath/opt/anaconda3/lib/libjimage.dylib
0x0000000103f98000 	/Users/hrugvedwath/opt/anaconda3/lib/libzip.dylib


VM Arguments:
java_command: getsp -test
java_class_path (initial): /Users/hrugvedwath/opt/anaconda3/lib/R/share/java
Launcher Type: SUN_STANDARD

[Global flags]
     uint G1ConcRefinementThreads                  = 13                                        {product} {ergonomic}
    uintx GCDrainStackTargetSize                   = 64                                        {product} {ergonomic}
   size_t InitialHeapSize                          = 268435456                                 {product} {ergonomic}
   size_t MaxHeapSize                              = 4294967296                                {product} {ergonomic}
    uintx ReservedCodeCacheSize                    = 251658240                              {pd product} {ergonomic}
     bool SegmentedCodeCache                       = true                                      {product} {ergonomic}
     bool UseCompressedClassPointers               = true                                 {lp64_product} {ergonomic}
     bool UseCompressedOops                        = true                                 {lp64_product} {ergonomic}
     bool UseG1GC                                  = true                                      {product} {ergonomic}

Logging:
Log output configuration:
 #0: stdout all=warning uptime,level,tags
 #1: stderr all=off uptime,level,tags

Environment Variables:
JAVA_HOME=
PATH=/Users/hrugvedwath/opt/anaconda3/bin:/Applications/anaconda3/bin:/Users/hrugvedwath/mongodb/bin/mongod:/usr/local/bin:/usr/bin:/bin:/usr/sbin:/sbin
SHELL=/bin/zsh
DISPLAY=/private/tmp/com.apple.launchd.PB1CjuqNhg/org.xquartz:0
LANG=en_US.UTF-8
LC_CTYPE=en_US.UTF-8

Signal Handlers:
SIGSEGV: [libjvm.dylib+0x7c460a], sa_mask[0]=11111111011111110111111111111111, sa_flags=SA_ONSTACK|SA_RESTART|SA_SIGINFO
SIGBUS: [libjvm.dylib+0x7c460a], sa_mask[0]=11111111011111110111111111111111, sa_flags=SA_RESTART|SA_SIGINFO
SIGFPE: [libjvm.dylib+0x7c460a], sa_mask[0]=11111111011111110111111111111111, sa_flags=SA_RESTART|SA_SIGINFO
SIGPIPE: [libjvm.dylib+0x62c740], sa_mask[0]=11111111011111110111111111111111, sa_flags=SA_RESTART|SA_SIGINFO
SIGXFSZ: [libjvm.dylib+0x62c740], sa_mask[0]=11111111011111110111111111111111, sa_flags=SA_RESTART|SA_SIGINFO
SIGILL: [libjvm.dylib+0x7c460a], sa_mask[0]=11111111011111110111111111111111, sa_flags=SA_RESTART|SA_SIGINFO
SIGUSR2: [libjvm.dylib+0x62cd16], sa_mask[0]=00000000000000000000000000000000, sa_flags=SA_RESTART|SA_SIGINFO
SIGHUP: SIG_DFL, sa_mask[0]=00000000000000000000000000000000, sa_flags=none
SIGINT: SIG_DFL, sa_mask[0]=00000000000000000000000000000000, sa_flags=none
SIGTERM: SIG_DFL, sa_mask[0]=00000000000000000000000000000000, sa_flags=SA_RESTART
SIGQUIT: SIG_DFL, sa_mask[0]=00000000000000000000000000000000, sa_flags=none


---------------  S Y S T E M  ---------------

OS:uname:Darwin 22.6.0 Darwin Kernel Version 22.6.0: Tue Nov  7 21:48:06 PST 2023; root:xnu-8796.141.3.702.9~2/RELEASE_X86_64 x86_64
OS uptime: 32 days 1:41 hours
rlimit (soft/hard): STACK 8192k/65532k , CORE 0k/infinity , NPROC 2784/4176 , NOFILE 10240/infinity , AS infinity/infinity , CPU infinity/infinity , DATA infinity/infinity , FSIZE infinity/infinity , MEMLOCK infinity/infinity , RSS infinity/infinity
load average:1.94 2.27 4.13

CPU:total 16 (initial active 16) 

Memory: 4k page, physical 16777216k(173960k free), swap 2097152k(723712k free)

vm_info: OpenJDK 64-Bit Server VM (11.0.13+7-b1751.21) for bsd-amd64 JRE (11.0.13+7-b1751.21), built on Nov 30 2021 04:07:40 by "builduser" with gcc Apple LLVM 12.0.0 (clang-1200.0.32.27)

END.
